22:02:30 **** Incremental Build of configuration Nios II for project Lab2_WavePlayer ****
make all 
Info: Building ../Lab2_WavePlayer_bsp/
C:/Software/Altera/15.1/nios2eds/bin/gnu/H-x86_64-mingw32/bin/make --no-print-directory -C ../Lab2_WavePlayer_bsp/
[BSP build complete]
Info: Compiling hello_world.c to obj/default/hello_world.o
nios2-elf-gcc -xc -MP -MMD -c -I../Lab2_WavePlayer_bsp//HAL/inc -I../Lab2_WavePlayer_bsp/ -I../Lab2_WavePlayer_bsp//drivers/inc  -pipe -D__hal__ -DALT_NO_INSTRUCTION_EMULATION -DALT_SINGLE_THREADED -DALTERA_AVALON_JTAG_UART_SMALL    -O0 -g -Wall   -mno-hw-div -mhw-mul -mno-hw-mulx  -o obj/default/hello_world.o hello_world.c
hello_world.c: In function 'main':
hello_world.c:104:4: warning: unknown conversion type character 0xa in format [-Wformat=]
    printf("%l\n", song_size[i]);
    ^
hello_world.c:104:4: warning: too many arguments for format [-Wformat-extra-args]
hello_world.c:104:4: warning: unknown conversion type character 0xa in format [-Wformat=]
hello_world.c:104:4: warning: too many arguments for format [-Wformat-extra-args]
Info: Linking Lab2_WavePlayer.elf
nios2-elf-g++  -T'../Lab2_WavePlayer_bsp//linker.x' -msys-crt0='../Lab2_WavePlayer_bsp//obj/HAL/src/crt0.o' -msys-lib=hal_bsp -L../Lab2_WavePlayer_bsp/   -Wl,-Map=Lab2_WavePlayer.map   -O0 -g -Wall   -mno-hw-div -mhw-mul -mno-hw-mulx  -o Lab2_WavePlayer.elf obj/default/fatfs.o obj/default/fatfs_diskio.o obj/default/fatfs_nios2_de0_nano_spi.o obj/default/fatfs_nios2_de1_pio.o obj/default/fatfs_nios2_de1_spi.o obj/default/ff.o obj/default/hello_world.o obj/default/monitor.o obj/default/uart_nios2.o -lm -msys-lib=m
nios2-elf-insert Lab2_WavePlayer.elf --thread_model hal --cpu_name nios2_gen2_0 --qsys true --simulation_enabled false --id 0 --sidp 0x1001140 --timestamp 1569875873 --stderr_dev jtag_uart_0 --stdin_dev jtag_uart_0 --stdout_dev jtag_uart_0 --sopc_system_name QD1 --quartus_project_dir "C:/Users/s23mukhe/ECE-224/LogicalStep" --jdi ../..//output_files/LogicalStep_top.jdi --sopcinfo C:/Users/s23mukhe/ECE-224/LogicalStep/software/Lab2_WavePlayer_bsp/../../QD1.sopcinfo
Info: (Lab2_WavePlayer.elf) 107 KBytes program size (code + initialized data).
Info:                       8081 KBytes free for stack + heap.
Info: Creating Lab2_WavePlayer.objdump
nios2-elf-objdump --disassemble --syms --all-header --source Lab2_WavePlayer.elf >Lab2_WavePlayer.objdump
[Lab2_WavePlayer build complete]

22:02:32 Build Finished (took 2s.233ms)

